Using pre-set license
Built from '2020.2/release' branch; Version is '2020.2.2f1 (068178b99f32) revision 426360'; Using compiler version '192528614'; Build Type 'Release'
OS: 'Windows 10 Home; OS build 19041.985; Version 2004; 64bit' Language: 'ko' Physical Memory: 6098 MB
BatchMode: 1, IsHumanControllingUs: 0, StartBugReporterOnCrash: 0, Is64bit: 1, IsPro: 0

 COMMAND LINE ARGUMENTS:
D:\2020.2.2f1\Editor\Unity.exe
-adb2
-batchMode
-noUpm
-name
AssetImportWorker0
-projectPath
C:/Users/user/New 01
-logFile
Logs/AssetImportWorker0.log
-srvPort
14144
Successfully changed project path to: C:/Users/user/New 01
C:/Users/user/New 01
Using Asset Import Pipeline V2.
Refreshing native plugins compatible for Editor in 66.47 ms, found 2 plugins.
Preloading 0 native plugins for Editor in 0.00 ms.
Initialize engine version: 2020.2.2f1 (068178b99f32)
[Subsystems] Discovering subsystems at path D:/2020.2.2f1/Editor/Data/Resources/UnitySubsystems
[Subsystems] Discovering subsystems at path C:/Users/user/New 01/Assets
GfxDevice: creating device client; threaded=0
Direct3D:
    Version:  Direct3D 11.0 [level 11.0]
    Renderer: NVIDIA GeForce GT 705 (ID=0x104c)
    Vendor:   
    VRAM:     979 MB
    Driver:   21.21.13.7654
Initialize mono
Mono path[0] = 'D:/2020.2.2f1/Editor/Data/Managed'
Mono path[1] = 'D:/2020.2.2f1/Editor/Data/MonoBleedingEdge/lib/mono/unityjit'
Mono config path = 'D:/2020.2.2f1/Editor/Data/MonoBleedingEdge/etc'
Using monoOptions --debugger-agent=transport=dt_socket,embedding=1,server=y,suspend=n,address=127.0.0.1:56808
Begin MonoManager ReloadAssembly
Registering precompiled unity dll's ...
Register platform support module: D:/2020.2.2f1/Editor/Data/PlaybackEngines/WindowsStandaloneSupport/UnityEditor.WindowsStandalone.Extensions.dll
Registered in 0.003567 seconds.
Native extension for WindowsStandalone target not found
Refreshing native plugins compatible for Editor in 49.30 ms, found 2 plugins.
Preloading 0 native plugins for Editor in 0.00 ms.
Invoked RoslynAnalysisRunner static constructor.
RoslynAnalysisRunner will not be running.
RoslynAnalysisRunner has terminated.
Mono: successfully reloaded assembly
- Completed reload, in  1.596 seconds
Platform modules already initialized, skipping
Registering precompiled user dll's ...
Registered in 0.030420 seconds.
Begin MonoManager ReloadAssembly
Native extension for WindowsStandalone target not found
Refreshing native plugins compatible for Editor in 60.32 ms, found 2 plugins.
Preloading 0 native plugins for Editor in 0.00 ms.
Invoked RoslynAnalysisRunner static constructor.
RoslynAnalysisRunner will not be running.
RoslynAnalysisRunner has terminated.
Mono: successfully reloaded assembly
- Completed reload, in  2.844 seconds
Platform modules already initialized, skipping
========================================================================
Worker process is ready to serve import requests
Launched and connected shader compiler UnityShaderCompiler.exe after 0.17 seconds
Refreshing native plugins compatible for Editor in 0.56 ms, found 2 plugins.
Preloading 0 native plugins for Editor in 0.00 ms.
Unloading 1809 Unused Serialized files (Serialized files now loaded: 0)
System memory in use before: 85.3 MB.
System memory in use after: 85.2 MB.

Unloading 40 unused Assets to reduce memory usage. Loaded Objects now: 2319.
Total: 3.393800 ms (FindLiveObjects: 0.276400 ms CreateObjectMapping: 0.175700 ms MarkObjects: 2.770200 ms  DeleteObjects: 0.169700 ms)

========================================================================
Received Import Request.
  path: Assets/Script/Player.cs
  artifactKey: Guid(d2e52e69a74db9147b886b3851d948e3) Importer(815301076,1909f56bfc062723c751e8b465ee728b)
Start importing Assets/Script/Player.cs using Guid(d2e52e69a74db9147b886b3851d948e3) Importer(815301076,1909f56bfc062723c751e8b465ee728b)  -> (artifact id: '9b2202ad9f60fb461e294c8b3909bc68') in 0.233522 seconds
  Import took 0.250777 seconds .

========================================================================
Received Prepare
Registering precompiled user dll's ...
Registered in 0.051541 seconds.
Begin MonoManager ReloadAssembly
Native extension for WindowsStandalone target not found
Refreshing native plugins compatible for Editor in 0.56 ms, found 2 plugins.
Preloading 0 native plugins for Editor in 0.00 ms.
Invoked RoslynAnalysisRunner static constructor.
RoslynAnalysisRunner will not be running.
RoslynAnalysisRunner has terminated.
Mono: successfully reloaded assembly
- Completed reload, in  1.441 seconds
Platform modules already initialized, skipping
Refreshing native plugins compatible for Editor in 0.88 ms, found 2 plugins.
Preloading 0 native plugins for Editor in 0.00 ms.
Unloading 1804 Unused Serialized files (Serialized files now loaded: 0)
System memory in use before: 85.3 MB.
System memory in use after: 85.3 MB.

Unloading 28 unused Assets to reduce memory usage. Loaded Objects now: 2322.
Total: 4.042700 ms (FindLiveObjects: 0.518400 ms CreateObjectMapping: 0.243900 ms MarkObjects: 3.136200 ms  DeleteObjects: 0.141600 ms)

========================================================================
Received Prepare
Registering precompiled user dll's ...
Registered in 0.028407 seconds.
Begin MonoManager ReloadAssembly
Native extension for WindowsStandalone target not found
Refreshing native plugins compatible for Editor in 0.61 ms, found 2 plugins.
Preloading 0 native plugins for Editor in 0.00 ms.
Invoked RoslynAnalysisRunner static constructor.
RoslynAnalysisRunner will not be running.
RoslynAnalysisRunner has terminated.
Mono: successfully reloaded assembly
- Completed reload, in  1.344 seconds
Platform modules already initialized, skipping
Refreshing native plugins compatible for Editor in 0.58 ms, found 2 plugins.
Preloading 0 native plugins for Editor in 0.00 ms.
Unloading 1804 Unused Serialized files (Serialized files now loaded: 0)
System memory in use before: 85.4 MB.
System memory in use after: 85.4 MB.

Unloading 28 unused Assets to reduce memory usage. Loaded Objects now: 2325.
Total: 3.282700 ms (FindLiveObjects: 0.383300 ms CreateObjectMapping: 0.192800 ms MarkObjects: 2.557600 ms  DeleteObjects: 0.147600 ms)

========================================================================
Received Prepare
Registering precompiled user dll's ...
Registered in 0.030004 seconds.
Begin MonoManager ReloadAssembly
Native extension for WindowsStandalone target not found
Refreshing native plugins compatible for Editor in 0.89 ms, found 2 plugins.
Preloading 0 native plugins for Editor in 0.00 ms.
Invoked RoslynAnalysisRunner static constructor.
RoslynAnalysisRunner will not be running.
RoslynAnalysisRunner has terminated.
Mono: successfully reloaded assembly
- Completed reload, in  1.546 seconds
Platform modules already initialized, skipping
Refreshing native plugins compatible for Editor in 0.59 ms, found 2 plugins.
Preloading 0 native plugins for Editor in 0.00 ms.
Unloading 1804 Unused Serialized files (Serialized files now loaded: 0)
System memory in use before: 85.5 MB.
System memory in use after: 85.5 MB.

Unloading 28 unused Assets to reduce memory usage. Loaded Objects now: 2328.
Total: 3.410300 ms (FindLiveObjects: 0.395000 ms CreateObjectMapping: 0.393200 ms MarkObjects: 2.463700 ms  DeleteObjects: 0.156800 ms)

========================================================================
Received Prepare
Registering precompiled user dll's ...
Registered in 0.029340 seconds.
Begin MonoManager ReloadAssembly
Native extension for WindowsStandalone target not found
Refreshing native plugins compatible for Editor in 0.67 ms, found 2 plugins.
Preloading 0 native plugins for Editor in 0.00 ms.
Invoked RoslynAnalysisRunner static constructor.
RoslynAnalysisRunner will not be running.
RoslynAnalysisRunner has terminated.
Mono: successfully reloaded assembly
- Completed reload, in  1.389 seconds
Platform modules already initialized, skipping
Refreshing native plugins compatible for Editor in 0.98 ms, found 2 plugins.
Preloading 0 native plugins for Editor in 0.00 ms.
Unloading 1804 Unused Serialized files (Serialized files now loaded: 0)
System memory in use before: 85.6 MB.
System memory in use after: 85.6 MB.

Unloading 28 unused Assets to reduce memory usage. Loaded Objects now: 2331.
Total: 3.102300 ms (FindLiveObjects: 0.281900 ms CreateObjectMapping: 0.234700 ms MarkObjects: 2.439400 ms  DeleteObjects: 0.145000 ms)

========================================================================
Received Prepare
Registering precompiled user dll's ...
Registered in 0.028518 seconds.
Begin MonoManager ReloadAssembly
Native extension for WindowsStandalone target not found
Refreshing native plugins compatible for Editor in 0.92 ms, found 2 plugins.
Preloading 0 native plugins for Editor in 0.00 ms.
Invoked RoslynAnalysisRunner static constructor.
RoslynAnalysisRunner will not be running.
RoslynAnalysisRunner has terminated.
Mono: successfully reloaded assembly
- Completed reload, in  1.507 seconds
Platform modules already initialized, skipping
Refreshing native plugins compatible for Editor in 0.57 ms, found 2 plugins.
Preloading 0 native plugins for Editor in 0.00 ms.
Unloading 1804 Unused Serialized files (Serialized files now loaded: 0)
System memory in use before: 85.7 MB.
System memory in use after: 85.7 MB.

Unloading 28 unused Assets to reduce memory usage. Loaded Objects now: 2334.
Total: 2.952700 ms (FindLiveObjects: 0.307300 ms CreateObjectMapping: 0.197900 ms MarkObjects: 2.303800 ms  DeleteObjects: 0.142400 ms)

========================================================================
Received Prepare
Registering precompiled user dll's ...
Registered in 0.029222 seconds.
Begin MonoManager ReloadAssembly
Native extension for WindowsStandalone target not found
Refreshing native plugins compatible for Editor in 0.93 ms, found 2 plugins.
Preloading 0 native plugins for Editor in 0.00 ms.
Invoked RoslynAnalysisRunner static constructor.
RoslynAnalysisRunner will not be running.
RoslynAnalysisRunner has terminated.
Mono: successfully reloaded assembly
- Completed reload, in  1.418 seconds
Platform modules already initialized, skipping
Refreshing native plugins compatible for Editor in 0.57 ms, found 2 plugins.
Preloading 0 native plugins for Editor in 0.00 ms.
Unloading 1804 Unused Serialized files (Serialized files now loaded: 0)
System memory in use before: 85.7 MB.
System memory in use after: 85.7 MB.

Unloading 28 unused Assets to reduce memory usage. Loaded Objects now: 2337.
Total: 2.865900 ms (FindLiveObjects: 0.275400 ms CreateObjectMapping: 0.173800 ms MarkObjects: 2.270200 ms  DeleteObjects: 0.145100 ms)

========================================================================
Received Prepare
Registering precompiled user dll's ...
Registered in 0.035073 seconds.
Begin MonoManager ReloadAssembly
Native extension for WindowsStandalone target not found
Refreshing native plugins compatible for Editor in 0.56 ms, found 2 plugins.
Preloading 0 native plugins for Editor in 0.00 ms.
Invoked RoslynAnalysisRunner static constructor.
RoslynAnalysisRunner will not be running.
RoslynAnalysisRunner has terminated.
Mono: successfully reloaded assembly
- Completed reload, in  1.423 seconds
Platform modules already initialized, skipping
Refreshing native plugins compatible for Editor in 0.58 ms, found 2 plugins.
Preloading 0 native plugins for Editor in 0.00 ms.
Unloading 1804 Unused Serialized files (Serialized files now loaded: 0)
System memory in use before: 85.8 MB.
System memory in use after: 85.8 MB.

Unloading 28 unused Assets to reduce memory usage. Loaded Objects now: 2340.
Total: 3.071100 ms (FindLiveObjects: 0.276500 ms CreateObjectMapping: 0.177800 ms MarkObjects: 2.478200 ms  DeleteObjects: 0.136500 ms)

========================================================================
Received Prepare
Registering precompiled user dll's ...
Registered in 0.028689 seconds.
Begin MonoManager ReloadAssembly
Native extension for WindowsStandalone target not found
Refreshing native plugins compatible for Editor in 0.59 ms, found 2 plugins.
Preloading 0 native plugins for Editor in 0.00 ms.
Invoked RoslynAnalysisRunner static constructor.
RoslynAnalysisRunner will not be running.
RoslynAnalysisRunner has terminated.
Mono: successfully reloaded assembly
- Completed reload, in  2.250 seconds
Platform modules already initialized, skipping
Refreshing native plugins compatible for Editor in 0.63 ms, found 2 plugins.
Preloading 0 native plugins for Editor in 0.00 ms.
Unloading 1804 Unused Serialized files (Serialized files now loaded: 0)
System memory in use before: 85.9 MB.
System memory in use after: 85.9 MB.

Unloading 28 unused Assets to reduce memory usage. Loaded Objects now: 2343.
Total: 5.790700 ms (FindLiveObjects: 0.306300 ms CreateObjectMapping: 0.183500 ms MarkObjects: 5.141600 ms  DeleteObjects: 0.157500 ms)

========================================================================
Received Prepare
Registering precompiled user dll's ...
Registered in 0.028763 seconds.
Begin MonoManager ReloadAssembly
Native extension for WindowsStandalone target not found
Refreshing native plugins compatible for Editor in 1.32 ms, found 2 plugins.
Preloading 0 native plugins for Editor in 0.01 ms.
Invoked RoslynAnalysisRunner static constructor.
RoslynAnalysisRunner will not be running.
RoslynAnalysisRunner has terminated.
Mono: successfully reloaded assembly
- Completed reload, in  1.646 seconds
Platform modules already initialized, skipping
Refreshing native plugins compatible for Editor in 0.61 ms, found 2 plugins.
Preloading 0 native plugins for Editor in 0.00 ms.
Unloading 1804 Unused Serialized files (Serialized files now loaded: 0)
System memory in use before: 85.9 MB.
System memory in use after: 85.9 MB.

Unloading 28 unused Assets to reduce memory usage. Loaded Objects now: 2346.
Total: 3.732200 ms (FindLiveObjects: 0.375300 ms CreateObjectMapping: 0.220300 ms MarkObjects: 2.972400 ms  DeleteObjects: 0.162200 ms)

========================================================================
Received Prepare
Registering precompiled user dll's ...
Registered in 0.029136 seconds.
Begin MonoManager ReloadAssembly
Native extension for WindowsStandalone target not found
Refreshing native plugins compatible for Editor in 0.58 ms, found 2 plugins.
Preloading 0 native plugins for Editor in 0.00 ms.
Invoked RoslynAnalysisRunner static constructor.
RoslynAnalysisRunner will not be running.
RoslynAnalysisRunner has terminated.
Mono: successfully reloaded assembly
- Completed reload, in  1.536 seconds
Platform modules already initialized, skipping
Refreshing native plugins compatible for Editor in 0.58 ms, found 2 plugins.
Preloading 0 native plugins for Editor in 0.00 ms.
Unloading 1804 Unused Serialized files (Serialized files now loaded: 0)
System memory in use before: 86.0 MB.
System memory in use after: 86.0 MB.

Unloading 28 unused Assets to reduce memory usage. Loaded Objects now: 2349.
Total: 3.003100 ms (FindLiveObjects: 0.320100 ms CreateObjectMapping: 0.178300 ms MarkObjects: 2.360400 ms  DeleteObjects: 0.142500 ms)

========================================================================
Received Import Request.
  Time since last request: 1663.328274 seconds.
  path: Assets/Ani/Player.controller
  artifactKey: Guid(514f036311bd8bd4090ab9fb0f9f6d78) Importer(815301076,1909f56bfc062723c751e8b465ee728b)
Start importing Assets/Ani/Player.controller using Guid(514f036311bd8bd4090ab9fb0f9f6d78) Importer(815301076,1909f56bfc062723c751e8b465ee728b)  -> (artifact id: 'e96729dc29d31f0af0f3c89229d717e0') in 0.097593 seconds
  Import took 0.127661 seconds .

========================================================================
Received Import Request.
  Time since last request: 45.870664 seconds.
  path: Assets/Art
  artifactKey: Guid(1960d85a837d9844992651f2c1527a50) Importer(815301076,1909f56bfc062723c751e8b465ee728b)
Start importing Assets/Art using Guid(1960d85a837d9844992651f2c1527a50) Importer(815301076,1909f56bfc062723c751e8b465ee728b)  -> (artifact id: '43451f18b14d90f8fd1d7ff2620c7d0a') in 0.016509 seconds
  Import took 0.070765 seconds .

========================================================================
Received Import Request.
  Time since last request: 91.356288 seconds.
  path: Assets/Art/Player/Player_Jump
  artifactKey: Guid(7ad2f7d849d5ea94e833d0dfad1b5301) Importer(815301076,1909f56bfc062723c751e8b465ee728b)
Start importing Assets/Art/Player/Player_Jump using Guid(7ad2f7d849d5ea94e833d0dfad1b5301) Importer(815301076,1909f56bfc062723c751e8b465ee728b)  -> (artifact id: '687c3c9b3ba3e6c8d848c06a987095d1') in 0.016255 seconds
  Import took 0.036344 seconds .

========================================================================
Received Import Request.
  Time since last request: 3.037092 seconds.
  path: Assets/Art/Player/Player_Jump/Anim_JUMP_01.png
  artifactKey: Guid(26279c46d75d0974d90c3c72341d02b8) Importer(815301076,1909f56bfc062723c751e8b465ee728b)
Start importing Assets/Art/Player/Player_Jump/Anim_JUMP_01.png using Guid(26279c46d75d0974d90c3c72341d02b8) Importer(815301076,1909f56bfc062723c751e8b465ee728b)  -> (artifact id: '79dc91cdd67dd14c1d994e9b90c7b4e2') in 0.393244 seconds
  Import took 0.414945 seconds .

========================================================================
Received Import Request.
  Time since last request: 0.000316 seconds.
  path: Assets/Art/Player/Player_Jump/Anim_JUMP_05.png
  artifactKey: Guid(440e74ee5b5c7bd44ade6a96d9303683) Importer(815301076,1909f56bfc062723c751e8b465ee728b)
Start importing Assets/Art/Player/Player_Jump/Anim_JUMP_05.png using Guid(440e74ee5b5c7bd44ade6a96d9303683) Importer(815301076,1909f56bfc062723c751e8b465ee728b)  -> (artifact id: '0dc0ce9b4cefcf0950f684e2af6a4f03') in 0.045651 seconds
  Import took 0.050674 seconds .

========================================================================
Received Import Request.
  Time since last request: 0.000388 seconds.
  path: Assets/Art/Player/Player_Jump/Anim_JUMP_03.png
  artifactKey: Guid(4e06fa822ce3b49488c624dc3774edfa) Importer(815301076,1909f56bfc062723c751e8b465ee728b)
Start importing Assets/Art/Player/Player_Jump/Anim_JUMP_03.png using Guid(4e06fa822ce3b49488c624dc3774edfa) Importer(815301076,1909f56bfc062723c751e8b465ee728b)  -> (artifact id: '9620927b0c25e03d5da867631fa03c83') in 0.046037 seconds
  Import took 0.050486 seconds .

========================================================================
Received Import Request.
  Time since last request: 0.000390 seconds.
  path: Assets/Art/Player/Player_Jump/Anim_JUMP_08.png
  artifactKey: Guid(8adfe54b15b0a70419800ecfa55d2c83) Importer(815301076,1909f56bfc062723c751e8b465ee728b)
Start importing Assets/Art/Player/Player_Jump/Anim_JUMP_08.png using Guid(8adfe54b15b0a70419800ecfa55d2c83) Importer(815301076,1909f56bfc062723c751e8b465ee728b)  -> (artifact id: '3607f3b68d83f48deb2847cf0711d165') in 0.044495 seconds
  Import took 0.056760 seconds .

========================================================================
Received Import Request.
  Time since last request: 0.000455 seconds.
  path: Assets/Art/Player/Player_Jump/Anim_JUMP_10.png
  artifactKey: Guid(ab3f98d49899fa348b4b28dd95d48ef1) Importer(815301076,1909f56bfc062723c751e8b465ee728b)
Start importing Assets/Art/Player/Player_Jump/Anim_JUMP_10.png using Guid(ab3f98d49899fa348b4b28dd95d48ef1) Importer(815301076,1909f56bfc062723c751e8b465ee728b)  -> (artifact id: '922d95fd16f51bf66fc527951d51fc35') in 0.052179 seconds
  Import took 0.058456 seconds .

========================================================================
Received Import Request.
  Time since last request: 0.000382 seconds.
  path: Assets/Art/Player/Player_Jump/Anim_JUMP_15.png
  artifactKey: Guid(13aa932fbf7341348957c3dde191a6ea) Importer(815301076,1909f56bfc062723c751e8b465ee728b)
Start importing Assets/Art/Player/Player_Jump/Anim_JUMP_15.png using Guid(13aa932fbf7341348957c3dde191a6ea) Importer(815301076,1909f56bfc062723c751e8b465ee728b)  -> (artifact id: '6075560a151746d27350460c09e88359') in 0.047896 seconds
  Import took 0.074475 seconds .

========================================================================
Received Import Request.
  Time since last request: 0.000329 seconds.
  path: Assets/Art/Player/Player_Jump/Anim_JUMP_11.png
  artifactKey: Guid(92bd14a3dde9cec479c269aa26109201) Importer(815301076,1909f56bfc062723c751e8b465ee728b)
Start importing Assets/Art/Player/Player_Jump/Anim_JUMP_11.png using Guid(92bd14a3dde9cec479c269aa26109201) Importer(815301076,1909f56bfc062723c751e8b465ee728b)  -> (artifact id: '7e3bed7979fdfeb1e1d1d793f95281db') in 0.055829 seconds
  Import took 0.060734 seconds .

========================================================================
Received Import Request.
  Time since last request: 0.000326 seconds.
  path: Assets/Art/Player/Player_Jump/Anim_JUMP_06.png
  artifactKey: Guid(e3a364508d6295b4c869ef994b4782f8) Importer(815301076,1909f56bfc062723c751e8b465ee728b)
Start importing Assets/Art/Player/Player_Jump/Anim_JUMP_06.png using Guid(e3a364508d6295b4c869ef994b4782f8) Importer(815301076,1909f56bfc062723c751e8b465ee728b)  -> (artifact id: '800d961afea8c645b0ebe6d01c683c1c') in 0.047380 seconds
  Import took 0.051525 seconds .

========================================================================
Received Import Request.
  Time since last request: 0.000316 seconds.
  path: Assets/Art/Player/Player_Jump/Anim_JUMP_16.png
  artifactKey: Guid(3baa7ca06bcddbf40874963adbc38135) Importer(815301076,1909f56bfc062723c751e8b465ee728b)
Start importing Assets/Art/Player/Player_Jump/Anim_JUMP_16.png using Guid(3baa7ca06bcddbf40874963adbc38135) Importer(815301076,1909f56bfc062723c751e8b465ee728b)  -> (artifact id: 'ef1583ce03c8ef643491b28b9bfb7558') in 0.043525 seconds
  Import took 0.048800 seconds .

========================================================================
Received Import Request.
  Time since last request: 0.002065 seconds.
  path: Assets/Art/Player/Player_Jump/Anim_JUMP_07.png
  artifactKey: Guid(1129b03c21a6b3a498a649cc7347d779) Importer(815301076,1909f56bfc062723c751e8b465ee728b)
Start importing Assets/Art/Player/Player_Jump/Anim_JUMP_07.png using Guid(1129b03c21a6b3a498a649cc7347d779) Importer(815301076,1909f56bfc062723c751e8b465ee728b)  -> (artifact id: 'd8fe349b90b90320db25fded3900f1db') in 0.052566 seconds
  Import took 0.069012 seconds .

========================================================================
Received Import Request.
  Time since last request: 0.000334 seconds.
  path: Assets/Art/Player/Player_Jump/Anim_JUMP_09.png
  artifactKey: Guid(d33f1f424b20a104ab00e0ce6ccec048) Importer(815301076,1909f56bfc062723c751e8b465ee728b)
Start importing Assets/Art/Player/Player_Jump/Anim_JUMP_09.png using Guid(d33f1f424b20a104ab00e0ce6ccec048) Importer(815301076,1909f56bfc062723c751e8b465ee728b)  -> (artifact id: 'c87479a236079604dd6e15fc39565f39') in 0.044511 seconds
  Import took 0.055310 seconds .

========================================================================
Received Import Request.
  Time since last request: 0.000333 seconds.
  path: Assets/Art/Player/Player_Jump/Anim_JUMP_02.png
  artifactKey: Guid(e9b8e2d83598b734a8943e386616b4a4) Importer(815301076,1909f56bfc062723c751e8b465ee728b)
Start importing Assets/Art/Player/Player_Jump/Anim_JUMP_02.png using Guid(e9b8e2d83598b734a8943e386616b4a4) Importer(815301076,1909f56bfc062723c751e8b465ee728b)  -> (artifact id: 'fc0be0ab07e420e7983268db5ff9f704') in 0.045528 seconds
  Import took 0.065810 seconds .

========================================================================
Received Import Request.
  Time since last request: 0.000378 seconds.
  path: Assets/Art/Player/Player_Jump/Anim_JUMP_18.png
  artifactKey: Guid(100966bfa7b307f42acf2616b35e6b16) Importer(815301076,1909f56bfc062723c751e8b465ee728b)
Start importing Assets/Art/Player/Player_Jump/Anim_JUMP_18.png using Guid(100966bfa7b307f42acf2616b35e6b16) Importer(815301076,1909f56bfc062723c751e8b465ee728b)  -> (artifact id: '38441a8afdfdfe3a7f131c8bef2f0015') in 0.047093 seconds
  Import took 0.051420 seconds .

========================================================================
Received Import Request.
  Time since last request: 0.000334 seconds.
  path: Assets/Art/Player/Player_Jump/Anim_JUMP_12.png
  artifactKey: Guid(be19837bcfb0be049a16dc0769b8801b) Importer(815301076,1909f56bfc062723c751e8b465ee728b)
Start importing Assets/Art/Player/Player_Jump/Anim_JUMP_12.png using Guid(be19837bcfb0be049a16dc0769b8801b) Importer(815301076,1909f56bfc062723c751e8b465ee728b)  -> (artifact id: '6ee46c46e0ec28bc34eaeff40f690e5b') in 0.050077 seconds
  Import took 0.093990 seconds .

========================================================================
Received Import Request.
  Time since last request: 0.000375 seconds.
  path: Assets/Art/Player/Player_Jump/Anim_JUMP_14.png
  artifactKey: Guid(d30525681c68daf47885bfea3389de6d) Importer(815301076,1909f56bfc062723c751e8b465ee728b)
Start importing Assets/Art/Player/Player_Jump/Anim_JUMP_14.png using Guid(d30525681c68daf47885bfea3389de6d) Importer(815301076,1909f56bfc062723c751e8b465ee728b)  -> (artifact id: '52877f446ff047c74eaa46132b1d2dcd') in 0.034802 seconds
  Import took 0.074134 seconds .

========================================================================
Received Import Request.
  Time since last request: 0.000410 seconds.
  path: Assets/Art/Player/Player_Jump/Anim_JUMP_19.png
  artifactKey: Guid(45fd12f084131674c83f61cbc21af91f) Importer(815301076,1909f56bfc062723c751e8b465ee728b)
Start importing Assets/Art/Player/Player_Jump/Anim_JUMP_19.png using Guid(45fd12f084131674c83f61cbc21af91f) Importer(815301076,1909f56bfc062723c751e8b465ee728b)  -> (artifact id: '566c69bc4e203891eda487b7fbd5291b') in 0.057696 seconds
  Import took 0.064323 seconds .

========================================================================
Received Import Request.
  Time since last request: 0.089307 seconds.
  path: Assets/Art/Player/Player_Jump/Anim_JUMP_17.png
  artifactKey: Guid(34566291326667e42a4866ca2f59d7a6) Importer(815301076,1909f56bfc062723c751e8b465ee728b)
Start importing Assets/Art/Player/Player_Jump/Anim_JUMP_17.png using Guid(34566291326667e42a4866ca2f59d7a6) Importer(815301076,1909f56bfc062723c751e8b465ee728b)  -> (artifact id: '33b47aa894c591e1ac130fa1aad6f5f1') in 0.028439 seconds
  Import took 0.040801 seconds .

========================================================================
Received Import Request.
  Time since last request: 0.000558 seconds.
  path: Assets/Art/Player/Player_Jump/Anim_JUMP_13.png
  artifactKey: Guid(618a191223e5975429f5b5b56c5d862e) Importer(815301076,1909f56bfc062723c751e8b465ee728b)
Start importing Assets/Art/Player/Player_Jump/Anim_JUMP_13.png using Guid(618a191223e5975429f5b5b56c5d862e) Importer(815301076,1909f56bfc062723c751e8b465ee728b)  -> (artifact id: 'f2e85e9155f8db108aa0aa66dce598ae') in 0.028361 seconds
  Import took 0.081228 seconds .

========================================================================
Received Import Request.
  Time since last request: 0.000571 seconds.
  path: Assets/Art/Player/Player_Jump/Anim_JUMP_04.png
  artifactKey: Guid(8a903f5fed2b09440b4e59632c16b2a9) Importer(815301076,1909f56bfc062723c751e8b465ee728b)
Start importing Assets/Art/Player/Player_Jump/Anim_JUMP_04.png using Guid(8a903f5fed2b09440b4e59632c16b2a9) Importer(815301076,1909f56bfc062723c751e8b465ee728b)  -> (artifact id: 'ff8c155de37e0adfdbc78b40ac4c82ff') in 0.151382 seconds
  Import took 0.156160 seconds .

========================================================================
Received Import Request.
  Time since last request: 35.451698 seconds.
  path: Assets/Ani/Anim_JUMP_01.controller
  artifactKey: Guid(87562274083320e4b99c269ab9e8ef91) Importer(815301076,1909f56bfc062723c751e8b465ee728b)
Start importing Assets/Ani/Anim_JUMP_01.controller using Guid(87562274083320e4b99c269ab9e8ef91) Importer(815301076,1909f56bfc062723c751e8b465ee728b)  -> (artifact id: '80ccb2b098320edacd5fe0672ca0d167') in 0.033354 seconds
  Import took 0.047988 seconds .

========================================================================
Received Import Request.
  Time since last request: 265.563624 seconds.
  path: Assets/Ani/Player_Walk.anim
  artifactKey: Guid(61acf48d44d91fa47a6e6d610b63cdc1) Importer(815301076,1909f56bfc062723c751e8b465ee728b)
Start importing Assets/Ani/Player_Walk.anim using Guid(61acf48d44d91fa47a6e6d610b63cdc1) Importer(815301076,1909f56bfc062723c751e8b465ee728b)  -> (artifact id: 'a805570eea289b3943b7abba7b5160df') in 0.016395 seconds
  Import took 0.070503 seconds .

========================================================================
Received Import Request.
  Time since last request: 0.051570 seconds.
  path: Assets/Ani/Player_Walk.anim
  artifactKey: Guid(61acf48d44d91fa47a6e6d610b63cdc1) Importer(815301076,1909f56bfc062723c751e8b465ee728b)
Start importing Assets/Ani/Player_Walk.anim using Guid(61acf48d44d91fa47a6e6d610b63cdc1) Importer(815301076,1909f56bfc062723c751e8b465ee728b)  -> (artifact id: 'a805570eea289b3943b7abba7b5160df') in 0.022806 seconds
  Import took 0.035384 seconds .

========================================================================
Received Import Request.
  Time since last request: 0.908972 seconds.
  path: Assets/Ani/Player_Jump.anim
  artifactKey: Guid(f61fa85721d56cb48a060a119c762346) Importer(815301076,1909f56bfc062723c751e8b465ee728b)
Start importing Assets/Ani/Player_Jump.anim using Guid(f61fa85721d56cb48a060a119c762346) Importer(815301076,1909f56bfc062723c751e8b465ee728b)  -> (artifact id: '65ca59c96e98b76c6b363ba560fd9cd9') in 0.013363 seconds
  Import took 0.045782 seconds .

========================================================================
Received Import Request.
  Time since last request: 619.720921 seconds.
  path: ProjectSettings/TagManager.asset
  artifactKey: Guid(00000000000000003000000000000000) Importer(815301076,1909f56bfc062723c751e8b465ee728b)
Start importing ProjectSettings/TagManager.asset using Guid(00000000000000003000000000000000) Importer(815301076,1909f56bfc062723c751e8b465ee728b)  -> (artifact id: 'e8c3ab6b558fa7fe7c42e9a55a892947') in 0.032014 seconds
  Import took 0.074333 seconds .

========================================================================
Received Prepare
Registering precompiled user dll's ...
Registered in 0.048399 seconds.
Begin MonoManager ReloadAssembly
Native extension for WindowsStandalone target not found
Refreshing native plugins compatible for Editor in 0.74 ms, found 2 plugins.
Preloading 0 native plugins for Editor in 0.00 ms.
Invoked RoslynAnalysisRunner static constructor.
RoslynAnalysisRunner will not be running.
RoslynAnalysisRunner has terminated.
Mono: successfully reloaded assembly
- Completed reload, in  1.834 seconds
Platform modules already initialized, skipping
Refreshing native plugins compatible for Editor in 0.57 ms, found 2 plugins.
Preloading 0 native plugins for Editor in 0.00 ms.
Unloading 1804 Unused Serialized files (Serialized files now loaded: 0)
System memory in use before: 89.2 MB.
System memory in use after: 89.2 MB.

Unloading 29 unused Assets to reduce memory usage. Loaded Objects now: 2358.
Total: 3.179300 ms (FindLiveObjects: 0.354400 ms CreateObjectMapping: 0.230000 ms MarkObjects: 2.457000 ms  DeleteObjects: 0.136800 ms)

========================================================================
Received Prepare
Registering precompiled user dll's ...
Registered in 0.028328 seconds.
Begin MonoManager ReloadAssembly
Native extension for WindowsStandalone target not found
Refreshing native plugins compatible for Editor in 0.58 ms, found 2 plugins.
Preloading 0 native plugins for Editor in 0.00 ms.
Invoked RoslynAnalysisRunner static constructor.
RoslynAnalysisRunner will not be running.
RoslynAnalysisRunner has terminated.
Mono: successfully reloaded assembly
- Completed reload, in  1.453 seconds
Platform modules already initialized, skipping
Refreshing native plugins compatible for Editor in 0.63 ms, found 2 plugins.
Preloading 0 native plugins for Editor in 0.00 ms.
Unloading 1804 Unused Serialized files (Serialized files now loaded: 0)
System memory in use before: 89.3 MB.
System memory in use after: 89.3 MB.

Unloading 28 unused Assets to reduce memory usage. Loaded Objects now: 2361.
Total: 3.049800 ms (FindLiveObjects: 0.287100 ms CreateObjectMapping: 0.178200 ms MarkObjects: 2.438300 ms  DeleteObjects: 0.143800 ms)

========================================================================
Received Prepare
Registering precompiled user dll's ...
Registered in 0.029240 seconds.
Begin MonoManager ReloadAssembly
Native extension for WindowsStandalone target not found
Refreshing native plugins compatible for Editor in 0.79 ms, found 2 plugins.
Preloading 0 native plugins for Editor in 0.00 ms.
Invoked RoslynAnalysisRunner static constructor.
RoslynAnalysisRunner will not be running.
RoslynAnalysisRunner has terminated.
Mono: successfully reloaded assembly
- Completed reload, in  1.370 seconds
Platform modules already initialized, skipping
Refreshing native plugins compatible for Editor in 0.58 ms, found 2 plugins.
Preloading 0 native plugins for Editor in 0.00 ms.
Unloading 1804 Unused Serialized files (Serialized files now loaded: 0)
System memory in use before: 89.3 MB.
System memory in use after: 89.3 MB.

Unloading 28 unused Assets to reduce memory usage. Loaded Objects now: 2364.
Total: 2.961000 ms (FindLiveObjects: 0.298800 ms CreateObjectMapping: 0.293700 ms MarkObjects: 2.223200 ms  DeleteObjects: 0.143200 ms)

========================================================================
Received Prepare
Registering precompiled user dll's ...
Registered in 0.030675 seconds.
Begin MonoManager ReloadAssembly
Native extension for WindowsStandalone target not found
Refreshing native plugins compatible for Editor in 0.61 ms, found 2 plugins.
Preloading 0 native plugins for Editor in 0.00 ms.
Invoked RoslynAnalysisRunner static constructor.
RoslynAnalysisRunner will not be running.
RoslynAnalysisRunner has terminated.
Mono: successfully reloaded assembly
- Completed reload, in  1.705 seconds
Platform modules already initialized, skipping
Refreshing native plugins compatible for Editor in 0.58 ms, found 2 plugins.
Preloading 0 native plugins for Editor in 0.00 ms.
Unloading 1804 Unused Serialized files (Serialized files now loaded: 0)
System memory in use before: 89.4 MB.
System memory in use after: 89.4 MB.

Unloading 28 unused Assets to reduce memory usage. Loaded Objects now: 2367.
Total: 5.924000 ms (FindLiveObjects: 0.326800 ms CreateObjectMapping: 0.182700 ms MarkObjects: 5.260100 ms  DeleteObjects: 0.152700 ms)

========================================================================
Received Prepare
Registering precompiled user dll's ...
Registered in 0.040518 seconds.
Begin MonoManager ReloadAssembly
Native extension for WindowsStandalone target not found
Refreshing native plugins compatible for Editor in 0.66 ms, found 2 plugins.
Preloading 0 native plugins for Editor in 0.00 ms.
Invoked RoslynAnalysisRunner static constructor.
RoslynAnalysisRunner will not be running.
RoslynAnalysisRunner has terminated.
Mono: successfully reloaded assembly
- Completed reload, in  1.498 seconds
Platform modules already initialized, skipping
Refreshing native plugins compatible for Editor in 0.58 ms, found 2 plugins.
Preloading 0 native plugins for Editor in 0.00 ms.
Unloading 1804 Unused Serialized files (Serialized files now loaded: 0)
System memory in use before: 89.5 MB.
System memory in use after: 89.5 MB.

Unloading 28 unused Assets to reduce memory usage. Loaded Objects now: 2370.
Total: 3.177700 ms (FindLiveObjects: 0.324200 ms CreateObjectMapping: 0.266500 ms MarkObjects: 2.443500 ms  DeleteObjects: 0.141700 ms)

========================================================================
Received Prepare
Registering precompiled user dll's ...
Registered in 0.037881 seconds.
Begin MonoManager ReloadAssembly
Native extension for WindowsStandalone target not found
Refreshing native plugins compatible for Editor in 0.59 ms, found 2 plugins.
Preloading 0 native plugins for Editor in 0.00 ms.
Invoked RoslynAnalysisRunner static constructor.
RoslynAnalysisRunner will not be running.
RoslynAnalysisRunner has terminated.
Mono: successfully reloaded assembly
- Completed reload, in  1.516 seconds
Platform modules already initialized, skipping
Refreshing native plugins compatible for Editor in 0.62 ms, found 2 plugins.
Preloading 0 native plugins for Editor in 0.00 ms.
Unloading 1804 Unused Serialized files (Serialized files now loaded: 0)
System memory in use before: 89.5 MB.
System memory in use after: 89.5 MB.

Unloading 28 unused Assets to reduce memory usage. Loaded Objects now: 2373.
Total: 2.964600 ms (FindLiveObjects: 0.526400 ms CreateObjectMapping: 0.157400 ms MarkObjects: 2.135600 ms  DeleteObjects: 0.143800 ms)

========================================================================
Received Prepare
Registering precompiled user dll's ...
Registered in 0.028328 seconds.
Begin MonoManager ReloadAssembly
Native extension for WindowsStandalone target not found
Refreshing native plugins compatible for Editor in 0.56 ms, found 2 plugins.
Preloading 0 native plugins for Editor in 0.00 ms.
Invoked RoslynAnalysisRunner static constructor.
RoslynAnalysisRunner will not be running.
RoslynAnalysisRunner has terminated.
Mono: successfully reloaded assembly
- Completed reload, in  1.449 seconds
Platform modules already initialized, skipping
Refreshing native plugins compatible for Editor in 0.60 ms, found 2 plugins.
Preloading 0 native plugins for Editor in 0.00 ms.
Unloading 1804 Unused Serialized files (Serialized files now loaded: 0)
System memory in use before: 89.6 MB.
System memory in use after: 89.6 MB.

Unloading 28 unused Assets to reduce memory usage. Loaded Objects now: 2376.
Total: 3.258600 ms (FindLiveObjects: 0.408900 ms CreateObjectMapping: 0.254400 ms MarkObjects: 2.452900 ms  DeleteObjects: 0.140700 ms)

========================================================================
Received Prepare
Registering precompiled user dll's ...
Registered in 0.203360 seconds.
Begin MonoManager ReloadAssembly
Native extension for WindowsStandalone target not found
Refreshing native plugins compatible for Editor in 0.58 ms, found 2 plugins.
Preloading 0 native plugins for Editor in 0.00 ms.
Invoked RoslynAnalysisRunner static constructor.
RoslynAnalysisRunner will not be running.
RoslynAnalysisRunner has terminated.
Mono: successfully reloaded assembly
- Completed reload, in  1.524 seconds
Platform modules already initialized, skipping
Refreshing native plugins compatible for Editor in 0.61 ms, found 2 plugins.
Preloading 0 native plugins for Editor in 0.00 ms.
Unloading 1804 Unused Serialized files (Serialized files now loaded: 0)
System memory in use before: 89.7 MB.
System memory in use after: 89.7 MB.

Unloading 28 unused Assets to reduce memory usage. Loaded Objects now: 2379.
Total: 3.015100 ms (FindLiveObjects: 0.295400 ms CreateObjectMapping: 0.208900 ms MarkObjects: 2.361400 ms  DeleteObjects: 0.144000 ms)

========================================================================
Received Prepare
Registering precompiled user dll's ...
Registered in 0.028245 seconds.
Begin MonoManager ReloadAssembly
Native extension for WindowsStandalone target not found
Refreshing native plugins compatible for Editor in 0.57 ms, found 2 plugins.
Preloading 0 native plugins for Editor in 0.00 ms.
Invoked RoslynAnalysisRunner static constructor.
RoslynAnalysisRunner will not be running.
RoslynAnalysisRunner has terminated.
Mono: successfully reloaded assembly
- Completed reload, in  1.462 seconds
Platform modules already initialized, skipping
Refreshing native plugins compatible for Editor in 0.67 ms, found 2 plugins.
Preloading 0 native plugins for Editor in 0.00 ms.
Unloading 1804 Unused Serialized files (Serialized files now loaded: 0)
System memory in use before: 89.8 MB.
System memory in use after: 89.8 MB.

Unloading 28 unused Assets to reduce memory usage. Loaded Objects now: 2382.
Total: 4.251500 ms (FindLiveObjects: 0.521100 ms CreateObjectMapping: 0.996800 ms MarkObjects: 2.500000 ms  DeleteObjects: 0.232000 ms)

========================================================================
Received Prepare
Registering precompiled user dll's ...
Registered in 0.027834 seconds.
Begin MonoManager ReloadAssembly
Native extension for WindowsStandalone target not found
Refreshing native plugins compatible for Editor in 0.58 ms, found 2 plugins.
Preloading 0 native plugins for Editor in 0.00 ms.
Invoked RoslynAnalysisRunner static constructor.
RoslynAnalysisRunner will not be running.
RoslynAnalysisRunner has terminated.
Mono: successfully reloaded assembly
- Completed reload, in  1.537 seconds
Platform modules already initialized, skipping
Refreshing native plugins compatible for Editor in 0.58 ms, found 2 plugins.
Preloading 0 native plugins for Editor in 0.00 ms.
Unloading 1804 Unused Serialized files (Serialized files now loaded: 0)
System memory in use before: 89.8 MB.
System memory in use after: 89.8 MB.

Unloading 28 unused Assets to reduce memory usage. Loaded Objects now: 2385.
Total: 3.134100 ms (FindLiveObjects: 0.315300 ms CreateObjectMapping: 0.194800 ms MarkObjects: 2.399000 ms  DeleteObjects: 0.223600 ms)

========================================================================
Received Prepare
Registering precompiled user dll's ...
Registered in 0.028853 seconds.
Begin MonoManager ReloadAssembly
Native extension for WindowsStandalone target not found
Refreshing native plugins compatible for Editor in 0.72 ms, found 2 plugins.
Preloading 0 native plugins for Editor in 0.00 ms.
Invoked RoslynAnalysisRunner static constructor.
RoslynAnalysisRunner will not be running.
RoslynAnalysisRunner has terminated.
Mono: successfully reloaded assembly
- Completed reload, in  1.551 seconds
Platform modules already initialized, skipping
Refreshing native plugins compatible for Editor in 0.59 ms, found 2 plugins.
Preloading 0 native plugins for Editor in 0.00 ms.
Unloading 1804 Unused Serialized files (Serialized files now loaded: 0)
System memory in use before: 89.9 MB.
System memory in use after: 89.9 MB.

Unloading 28 unused Assets to reduce memory usage. Loaded Objects now: 2388.
Total: 3.569100 ms (FindLiveObjects: 0.447400 ms CreateObjectMapping: 0.271000 ms MarkObjects: 2.697200 ms  DeleteObjects: 0.151600 ms)

========================================================================
Received Import Request.
  Time since last request: 2451.963477 seconds.
  path: Assets/Art/Bullet
  artifactKey: Guid(7ea0303d1a8b69e409496a66ad34a795) Importer(815301076,1909f56bfc062723c751e8b465ee728b)
Start importing Assets/Art/Bullet using Guid(7ea0303d1a8b69e409496a66ad34a795) Importer(815301076,1909f56bfc062723c751e8b465ee728b)  -> (artifact id: '70ed4f19832d641a3c3fd9d1a9e31e68') in 0.020108 seconds
  Import took 0.037262 seconds .

========================================================================
Received Import Request.
  Time since last request: 37.169700 seconds.
  path: Assets/Art/Bullet/Bullet.png
  artifactKey: Guid(f436545a1c1606d408dec37e3c211721) Importer(815301076,1909f56bfc062723c751e8b465ee728b)
Start importing Assets/Art/Bullet/Bullet.png using Guid(f436545a1c1606d408dec37e3c211721) Importer(815301076,1909f56bfc062723c751e8b465ee728b)  -> (artifact id: 'c949f121277b7493bee9f7a7a4cec5ea') in 0.083211 seconds
  Import took 0.103700 seconds .

========================================================================
Received Import Request.
  Time since last request: 283.846580 seconds.
  path: Assets/Prefabs
  artifactKey: Guid(52982c8a9df40734f8e64960b17d010e) Importer(815301076,1909f56bfc062723c751e8b465ee728b)
Start importing Assets/Prefabs using Guid(52982c8a9df40734f8e64960b17d010e) Importer(815301076,1909f56bfc062723c751e8b465ee728b)  -> (artifact id: 'a0d7de6e41e7f0c930ae90da6965010b') in 0.016369 seconds
  Import took 0.084432 seconds .

========================================================================
Received Import Request.
  Time since last request: 14.576170 seconds.
  path: Assets/Prefabs/Bullet.prefab
  artifactKey: Guid(b4e464198a8343b4b876a01ac1180565) Importer(815301076,1909f56bfc062723c751e8b465ee728b)
Start importing Assets/Prefabs/Bullet.prefab using Guid(b4e464198a8343b4b876a01ac1180565) Importer(815301076,1909f56bfc062723c751e8b465ee728b)  -> (artifact id: 'd4ce95a46f7caeed3a7db51314845bbd') in 0.103281 seconds
  Import took 0.108324 seconds .

========================================================================
Received Import Request.
  Time since last request: 176.137874 seconds.
  path: Assets/Ludiq/Bolt.Core/Generated/Variables/Resources/ApplicationVariables.asset
  artifactKey: Guid(eca2050be1b687c4db10acd8cfc7e3a0) Importer(815301076,1909f56bfc062723c751e8b465ee728b)
Start importing Assets/Ludiq/Bolt.Core/Generated/Variables/Resources/ApplicationVariables.asset using Guid(eca2050be1b687c4db10acd8cfc7e3a0) Importer(815301076,1909f56bfc062723c751e8b465ee728b)  -> (artifact id: 'a77190e688ac18ee94c2f9c1f36b7f7b') in 0.093645 seconds
  Import took 0.105821 seconds .

========================================================================
Received Prepare
Registering precompiled user dll's ...
Registered in 0.054331 seconds.
Begin MonoManager ReloadAssembly
Native extension for WindowsStandalone target not found
Refreshing native plugins compatible for Editor in 0.57 ms, found 2 plugins.
Preloading 0 native plugins for Editor in 0.00 ms.
Invoked RoslynAnalysisRunner static constructor.
RoslynAnalysisRunner will not be running.
RoslynAnalysisRunner has terminated.
Mono: successfully reloaded assembly
- Completed reload, in  3.205 seconds
Platform modules already initialized, skipping
Refreshing native plugins compatible for Editor in 0.63 ms, found 2 plugins.
Preloading 0 native plugins for Editor in 0.00 ms.
Unloading 1804 Unused Serialized files (Serialized files now loaded: 0)
System memory in use before: 90.0 MB.
System memory in use after: 90.0 MB.

Unloading 28 unused Assets to reduce memory usage. Loaded Objects now: 2398.
Total: 8.178300 ms (FindLiveObjects: 0.342900 ms CreateObjectMapping: 0.206400 ms MarkObjects: 7.450400 ms  DeleteObjects: 0.176000 ms)

========================================================================
Received Prepare
Registering precompiled user dll's ...
Registered in 0.045602 seconds.
Begin MonoManager ReloadAssembly
Native extension for WindowsStandalone target not found
Refreshing native plugins compatible for Editor in 1.04 ms, found 2 plugins.
Preloading 0 native plugins for Editor in 0.00 ms.
Invoked RoslynAnalysisRunner static constructor.
RoslynAnalysisRunner will not be running.
RoslynAnalysisRunner has terminated.
Mono: successfully reloaded assembly
- Completed reload, in  2.072 seconds
Platform modules already initialized, skipping
Refreshing native plugins compatible for Editor in 0.62 ms, found 2 plugins.
Preloading 0 native plugins for Editor in 0.00 ms.
Unloading 1804 Unused Serialized files (Serialized files now loaded: 0)
System memory in use before: 90.1 MB.
System memory in use after: 90.1 MB.

Unloading 28 unused Assets to reduce memory usage. Loaded Objects now: 2401.
Total: 3.165500 ms (FindLiveObjects: 0.407900 ms CreateObjectMapping: 0.194600 ms MarkObjects: 2.415600 ms  DeleteObjects: 0.145400 ms)

========================================================================
Received Import Request.
  Time since last request: 912.460902 seconds.
  path: Assets/Prefabs/Bullet.prefab
  artifactKey: Guid(b4e464198a8343b4b876a01ac1180565) Importer(815301076,1909f56bfc062723c751e8b465ee728b)
Start importing Assets/Prefabs/Bullet.prefab using Guid(b4e464198a8343b4b876a01ac1180565) Importer(815301076,1909f56bfc062723c751e8b465ee728b)  -> (artifact id: 'dbc134d47a90557de718accd90169e4d') in 0.715164 seconds
  Import took 0.728592 seconds .

========================================================================
Received Import Request.
  Time since last request: 110.549342 seconds.
  path: Assets/Prefabs/Bullet.prefab
  artifactKey: Guid(b4e464198a8343b4b876a01ac1180565) Importer(815301076,1909f56bfc062723c751e8b465ee728b)
Start importing Assets/Prefabs/Bullet.prefab using Guid(b4e464198a8343b4b876a01ac1180565) Importer(815301076,1909f56bfc062723c751e8b465ee728b)  -> (artifact id: '7167c99ac5e36709677c75682bdff30d') in 0.038544 seconds
  Import took 0.048452 seconds .

========================================================================
Received Prepare
Registering precompiled user dll's ...
Registered in 0.029513 seconds.
Begin MonoManager ReloadAssembly
Native extension for WindowsStandalone target not found
Refreshing native plugins compatible for Editor in 0.67 ms, found 2 plugins.
Preloading 0 native plugins for Editor in 0.00 ms.
Invoked RoslynAnalysisRunner static constructor.
RoslynAnalysisRunner will not be running.
RoslynAnalysisRunner has terminated.
Mono: successfully reloaded assembly
- Completed reload, in  1.855 seconds
Platform modules already initialized, skipping
Refreshing native plugins compatible for Editor in 0.60 ms, found 2 plugins.
Preloading 0 native plugins for Editor in 0.00 ms.
Unloading 1804 Unused Serialized files (Serialized files now loaded: 0)
System memory in use before: 90.2 MB.
System memory in use after: 90.2 MB.

Unloading 28 unused Assets to reduce memory usage. Loaded Objects now: 2405.
Total: 4.614100 ms (FindLiveObjects: 0.284400 ms CreateObjectMapping: 0.179500 ms MarkObjects: 3.990000 ms  DeleteObjects: 0.158400 ms)

========================================================================
Received Import Request.
  Time since last request: 69.636385 seconds.
  path: Assets/Prefabs/Bullet.prefab
  artifactKey: Guid(b4e464198a8343b4b876a01ac1180565) Importer(815301076,1909f56bfc062723c751e8b465ee728b)
Start importing Assets/Prefabs/Bullet.prefab using Guid(b4e464198a8343b4b876a01ac1180565) Importer(815301076,1909f56bfc062723c751e8b465ee728b)  -> (artifact id: 'f061ef3d0712bef376883a7580a5e253') in 0.369244 seconds
  Import took 0.378970 seconds .

========================================================================
Received Prepare
Registering precompiled user dll's ...
Registered in 0.029029 seconds.
Begin MonoManager ReloadAssembly
Native extension for WindowsStandalone target not found
Refreshing native plugins compatible for Editor in 0.57 ms, found 2 plugins.
Preloading 0 native plugins for Editor in 0.00 ms.
Invoked RoslynAnalysisRunner static constructor.
RoslynAnalysisRunner will not be running.
RoslynAnalysisRunner has terminated.
Mono: successfully reloaded assembly
- Completed reload, in  1.697 seconds
Platform modules already initialized, skipping
Refreshing native plugins compatible for Editor in 0.58 ms, found 2 plugins.
Preloading 0 native plugins for Editor in 0.00 ms.
Unloading 1804 Unused Serialized files (Serialized files now loaded: 0)
System memory in use before: 90.2 MB.
System memory in use after: 90.2 MB.

Unloading 28 unused Assets to reduce memory usage. Loaded Objects now: 2409.
Total: 3.090300 ms (FindLiveObjects: 0.396400 ms CreateObjectMapping: 0.178000 ms MarkObjects: 2.366600 ms  DeleteObjects: 0.148100 ms)

========================================================================
Received Import Request.
  Time since last request: 1035.318964 seconds.
  path: Assets/Prefabs/Bullet.prefab
  artifactKey: Guid(b4e464198a8343b4b876a01ac1180565) Importer(815301076,1909f56bfc062723c751e8b465ee728b)
Start importing Assets/Prefabs/Bullet.prefab using Guid(b4e464198a8343b4b876a01ac1180565) Importer(815301076,1909f56bfc062723c751e8b465ee728b)  -> (artifact id: '1d3a0d7616091c1d10849a4d59573420') in 0.911999 seconds
  Import took 0.928312 seconds .

========================================================================
Received Prepare
Registering precompiled user dll's ...
Registered in 0.029092 seconds.
Begin MonoManager ReloadAssembly
Native extension for WindowsStandalone target not found
Refreshing native plugins compatible for Editor in 0.61 ms, found 2 plugins.
Preloading 0 native plugins for Editor in 0.00 ms.
Invoked RoslynAnalysisRunner static constructor.
RoslynAnalysisRunner will not be running.
RoslynAnalysisRunner has terminated.
Mono: successfully reloaded assembly
- Completed reload, in  1.481 seconds
Platform modules already initialized, skipping
Refreshing native plugins compatible for Editor in 1.96 ms, found 2 plugins.
Preloading 0 native plugins for Editor in 0.00 ms.
Unloading 1804 Unused Serialized files (Serialized files now loaded: 0)
System memory in use before: 90.3 MB.
System memory in use after: 90.3 MB.

Unloading 28 unused Assets to reduce memory usage. Loaded Objects now: 2413.
Total: 3.313200 ms (FindLiveObjects: 0.312900 ms CreateObjectMapping: 0.202700 ms MarkObjects: 2.603800 ms  DeleteObjects: 0.192000 ms)

========================================================================
Received Prepare
Registering precompiled user dll's ...
Registered in 0.039977 seconds.
Begin MonoManager ReloadAssembly
Native extension for WindowsStandalone target not found
Refreshing native plugins compatible for Editor in 0.61 ms, found 2 plugins.
Preloading 0 native plugins for Editor in 0.00 ms.
Invoked RoslynAnalysisRunner static constructor.
RoslynAnalysisRunner will not be running.
RoslynAnalysisRunner has terminated.
Mono: successfully reloaded assembly
- Completed reload, in  2.332 seconds
Platform modules already initialized, skipping
Refreshing native plugins compatible for Editor in 6.14 ms, found 2 plugins.
Preloading 0 native plugins for Editor in 0.00 ms.
Unloading 1804 Unused Serialized files (Serialized files now loaded: 0)
System memory in use before: 90.4 MB.
System memory in use after: 90.4 MB.

Unloading 28 unused Assets to reduce memory usage. Loaded Objects now: 2416.
Total: 18.675800 ms (FindLiveObjects: 0.906400 ms CreateObjectMapping: 1.336900 ms MarkObjects: 15.850800 ms  DeleteObjects: 0.570600 ms)

AssetImportWorkerClient::OnTransportError - code=2 error=End of file
